<?xml version="1.0" encoding="UTF-8"?>
<testng-results skipped="0" failed="0" total="1" passed="1">
  <reporter-output>
  </reporter-output>
  <suite name="Suite" duration-ms="90446" started-at="2018-07-14T07:25:05Z" finished-at="2018-07-14T07:26:36Z">
    <groups>
    </groups>
    <test name="Test" duration-ms="90446" started-at="2018-07-14T07:25:05Z" finished-at="2018-07-14T07:26:36Z">
      <class name="com.Vtiger.TestScripts.NewTest">
        <test-method status="PASS" signature="beforeClass()[pri:0, instance:com.Vtiger.TestScripts.NewTest@2d209079]" name="beforeClass" is-config="true" duration-ms="90048" started-at="2018-07-14T12:55:05Z" finished-at="2018-07-14T12:56:35Z">
          <reporter-output>
          </reporter-output>
        </test-method> <!-- beforeClass -->
        <test-method status="PASS" signature="verifyPageURL()[pri:0, instance:com.Vtiger.TestScripts.NewTest@2d209079]" name="verifyPageURL" duration-ms="274" started-at="2018-07-14T12:56:35Z" finished-at="2018-07-14T12:56:36Z">
          <reporter-output>
          </reporter-output>
        </test-method> <!-- verifyPageURL -->
        <test-method status="PASS" signature="afterClass()[pri:0, instance:com.Vtiger.TestScripts.NewTest@2d209079]" name="afterClass" is-config="true" duration-ms="7" started-at="2018-07-14T12:56:36Z" finished-at="2018-07-14T12:56:36Z">
          <reporter-output>
          </reporter-output>
        </test-method> <!-- afterClass -->
      </class> <!-- com.Vtiger.TestScripts.NewTest -->
    </test> <!-- Test -->
  </suite> <!-- Suite -->
</testng-results>
